{"C:\\Users\\au_wa\\OneDrive\\Desktop\\UW Assignment\\Back-End\\Final-Project\\Noi-Cocktail-Recipe\\server.js": {"path":"C:\\Users\\au_wa\\OneDrive\\Desktop\\UW Assignment\\Back-End\\Final-Project\\Noi-Cocktail-Recipe\\server.js","statementMap":{"0":{"start":{"line":1,"column":16},"end":{"line":1,"column":34}},"1":{"start":{"line":3,"column":15},"end":{"line":3,"column":34}},"2":{"start":{"line":5,"column":15},"end":{"line":5,"column":24}},"3":{"start":{"line":6,"column":0},"end":{"line":6,"column":27}},"4":{"start":{"line":8,"column":0},"end":{"line":8,"column":19}},"5":{"start":{"line":10,"column":0},"end":{"line":10,"column":24}}},"fnMap":{},"branchMap":{},"s":{"0":3,"1":3,"2":3,"3":3,"4":3,"5":3},"f":{},"b":{},"_coverageSchema":"1a1c01bbd47fc00a2c39e90264f33305004495a9","hash":"a5b1dab9f05045bf6f2ad94bd561280ad1d2f894"}
,"C:\\Users\\au_wa\\OneDrive\\Desktop\\UW Assignment\\Back-End\\Final-Project\\Noi-Cocktail-Recipe\\test-utils.js": {"path":"C:\\Users\\au_wa\\OneDrive\\Desktop\\UW Assignment\\Back-End\\Final-Project\\Noi-Cocktail-Recipe\\test-utils.js","statementMap":{"0":{"start":{"line":1,"column":17},"end":{"line":1,"column":36}},"1":{"start":{"line":2,"column":15},"end":{"line":6,"column":1}},"2":{"start":{"line":8,"column":0},"end":{"line":8,"column":20}},"3":{"start":{"line":10,"column":0},"end":{"line":13,"column":2}},"4":{"start":{"line":11,"column":2},"end":{"line":11,"column":52}},"5":{"start":{"line":12,"column":2},"end":{"line":12,"column":56}},"6":{"start":{"line":12,"column":38},"end":{"line":12,"column":53}},"7":{"start":{"line":15,"column":0},"end":{"line":17,"column":2}},"8":{"start":{"line":16,"column":2},"end":{"line":16,"column":30}},"9":{"start":{"line":19,"column":0},"end":{"line":21,"column":2}},"10":{"start":{"line":20,"column":2},"end":{"line":20,"column":63}},"11":{"start":{"line":20,"column":42},"end":{"line":20,"column":60}},"12":{"start":{"line":23,"column":0},"end":{"line":29,"column":2}},"13":{"start":{"line":24,"column":17},"end":{"line":24,"column":50}},"14":{"start":{"line":25,"column":2},"end":{"line":27,"column":3}},"15":{"start":{"line":26,"column":4},"end":{"line":26,"column":39}},"16":{"start":{"line":28,"column":2},"end":{"line":28,"column":16}},"17":{"start":{"line":31,"column":0},"end":{"line":37,"column":2}},"18":{"start":{"line":32,"column":18},"end":{"line":32,"column":48}},"19":{"start":{"line":33,"column":2},"end":{"line":35,"column":5}},"20":{"start":{"line":34,"column":4},"end":{"line":34,"column":39}},"21":{"start":{"line":36,"column":2},"end":{"line":36,"column":17}}},"fnMap":{"0":{"name":"(anonymous_0)","decl":{"start":{"line":10,"column":27},"end":{"line":10,"column":28}},"loc":{"start":{"line":10,"column":39},"end":{"line":13,"column":1}},"line":10},"1":{"name":"(anonymous_1)","decl":{"start":{"line":12,"column":31},"end":{"line":12,"column":32}},"loc":{"start":{"line":12,"column":38},"end":{"line":12,"column":53}},"line":12},"2":{"name":"(anonymous_2)","decl":{"start":{"line":15,"column":24},"end":{"line":15,"column":25}},"loc":{"start":{"line":15,"column":36},"end":{"line":17,"column":1}},"line":15},"3":{"name":"(anonymous_3)","decl":{"start":{"line":19,"column":25},"end":{"line":19,"column":26}},"loc":{"start":{"line":19,"column":37},"end":{"line":21,"column":1}},"line":19},"4":{"name":"(anonymous_4)","decl":{"start":{"line":20,"column":31},"end":{"line":20,"column":32}},"loc":{"start":{"line":20,"column":42},"end":{"line":20,"column":60}},"line":20},"5":{"name":"(anonymous_5)","decl":{"start":{"line":23,"column":25},"end":{"line":23,"column":26}},"loc":{"start":{"line":23,"column":49},"end":{"line":29,"column":1}},"line":23},"6":{"name":"(anonymous_6)","decl":{"start":{"line":31,"column":22},"end":{"line":31,"column":23}},"loc":{"start":{"line":31,"column":46},"end":{"line":37,"column":1}},"line":31},"7":{"name":"(anonymous_7)","decl":{"start":{"line":33,"column":18},"end":{"line":33,"column":19}},"loc":{"start":{"line":33,"column":30},"end":{"line":35,"column":3}},"line":33}},"branchMap":{"0":{"loc":{"start":{"line":25,"column":2},"end":{"line":27,"column":3}},"type":"if","locations":[{"start":{"line":25,"column":2},"end":{"line":27,"column":3}},{"start":{},"end":{}}],"line":25}},"s":{"0":3,"1":3,"2":3,"3":3,"4":3,"5":3,"6":9,"7":3,"8":3,"9":3,"10":76,"11":228,"12":3,"13":2,"14":2,"15":1,"16":2,"17":3,"18":0,"19":0,"20":0,"21":0},"f":{"0":3,"1":9,"2":3,"3":76,"4":228,"5":2,"6":0,"7":0},"b":{"0":[1,1]},"_coverageSchema":"1a1c01bbd47fc00a2c39e90264f33305004495a9","hash":"9e566215383f37c40839ceba729e091905d0c3a5"}
,"C:\\Users\\au_wa\\OneDrive\\Desktop\\UW Assignment\\Back-End\\Final-Project\\Noi-Cocktail-Recipe\\daos\\itemDao.js": {"path":"C:\\Users\\au_wa\\OneDrive\\Desktop\\UW Assignment\\Back-End\\Final-Project\\Noi-Cocktail-Recipe\\daos\\itemDao.js","statementMap":{"0":{"start":{"line":1,"column":13},"end":{"line":1,"column":43}},"1":{"start":{"line":2,"column":0},"end":{"line":2,"column":20}},"2":{"start":{"line":4,"column":0},"end":{"line":23,"column":1}},"3":{"start":{"line":5,"column":2},"end":{"line":10,"column":3}},"4":{"start":{"line":6,"column":20},"end":{"line":6,"column":47}},"5":{"start":{"line":7,"column":4},"end":{"line":7,"column":19}},"6":{"start":{"line":9,"column":4},"end":{"line":9,"column":43}},"7":{"start":{"line":14,"column":2},"end":{"line":22,"column":3}},"8":{"start":{"line":15,"column":4},"end":{"line":18,"column":46}},"9":{"start":{"line":21,"column":4},"end":{"line":21,"column":12}},"10":{"start":{"line":25,"column":0},"end":{"line":50,"column":1}},"11":{"start":{"line":26,"column":2},"end":{"line":31,"column":3}},"12":{"start":{"line":27,"column":18},"end":{"line":27,"column":35}},"13":{"start":{"line":28,"column":4},"end":{"line":28,"column":17}},"14":{"start":{"line":30,"column":4},"end":{"line":30,"column":47}},"15":{"start":{"line":35,"column":2},"end":{"line":40,"column":3}},"16":{"start":{"line":36,"column":17},"end":{"line":36,"column":44}},"17":{"start":{"line":37,"column":4},"end":{"line":37,"column":16}},"18":{"start":{"line":39,"column":4},"end":{"line":39,"column":48}},"19":{"start":{"line":44,"column":2},"end":{"line":49,"column":3}},"20":{"start":{"line":45,"column":24},"end":{"line":45,"column":84}},"21":{"start":{"line":46,"column":4},"end":{"line":46,"column":23}},"22":{"start":{"line":48,"column":4},"end":{"line":48,"column":49}},"23":{"start":{"line":52,"column":0},"end":{"line":59,"column":2}},"24":{"start":{"line":53,"column":2},"end":{"line":58,"column":3}},"25":{"start":{"line":54,"column":4},"end":{"line":54,"column":45}},"26":{"start":{"line":55,"column":4},"end":{"line":55,"column":11}},"27":{"start":{"line":57,"column":4},"end":{"line":57,"column":16}}},"fnMap":{"0":{"name":"(anonymous_0)","decl":{"start":{"line":4,"column":27},"end":{"line":4,"column":28}},"loc":{"start":{"line":4,"column":47},"end":{"line":11,"column":1}},"line":4},"1":{"name":"(anonymous_1)","decl":{"start":{"line":13,"column":24},"end":{"line":13,"column":25}},"loc":{"start":{"line":13,"column":40},"end":{"line":23,"column":1}},"line":13},"2":{"name":"(anonymous_2)","decl":{"start":{"line":25,"column":29},"end":{"line":25,"column":30}},"loc":{"start":{"line":25,"column":41},"end":{"line":32,"column":1}},"line":25},"3":{"name":"(anonymous_3)","decl":{"start":{"line":34,"column":29},"end":{"line":34,"column":30}},"loc":{"start":{"line":34,"column":47},"end":{"line":41,"column":1}},"line":34},"4":{"name":"(anonymous_4)","decl":{"start":{"line":43,"column":31},"end":{"line":43,"column":32}},"loc":{"start":{"line":43,"column":58},"end":{"line":50,"column":1}},"line":43},"5":{"name":"(anonymous_5)","decl":{"start":{"line":52,"column":28},"end":{"line":52,"column":29}},"loc":{"start":{"line":52,"column":42},"end":{"line":59,"column":1}},"line":52}},"branchMap":{},"s":{"0":3,"1":3,"2":3,"3":16,"4":16,"5":16,"6":0,"7":3,"8":3,"9":0,"10":3,"11":3,"12":3,"13":3,"14":0,"15":43,"16":43,"17":43,"18":0,"19":4,"20":4,"21":4,"22":0,"23":3,"24":1,"25":1,"26":1,"27":0},"f":{"0":16,"1":3,"2":3,"3":43,"4":4,"5":1},"b":{},"_coverageSchema":"1a1c01bbd47fc00a2c39e90264f33305004495a9","hash":"4bfe62565c059041b4ab58913cbaf695cd2eb52c"}
,"C:\\Users\\au_wa\\OneDrive\\Desktop\\UW Assignment\\Back-End\\Final-Project\\Noi-Cocktail-Recipe\\daos\\menuDao.js": {"path":"C:\\Users\\au_wa\\OneDrive\\Desktop\\UW Assignment\\Back-End\\Final-Project\\Noi-Cocktail-Recipe\\daos\\menuDao.js","statementMap":{"0":{"start":{"line":1,"column":13},"end":{"line":1,"column":43}},"1":{"start":{"line":2,"column":0},"end":{"line":2,"column":20}},"2":{"start":{"line":4,"column":0},"end":{"line":12,"column":1}},"3":{"start":{"line":5,"column":2},"end":{"line":11,"column":3}},"4":{"start":{"line":6,"column":17},"end":{"line":6,"column":69}},"5":{"start":{"line":7,"column":4},"end":{"line":7,"column":16}},"6":{"start":{"line":10,"column":4},"end":{"line":10,"column":62}},"7":{"start":{"line":14,"column":0},"end":{"line":62,"column":1}},"8":{"start":{"line":15,"column":2},"end":{"line":36,"column":3}},"9":{"start":{"line":16,"column":18},"end":{"line":31,"column":22}},"10":{"start":{"line":32,"column":4},"end":{"line":32,"column":17}},"11":{"start":{"line":35,"column":4},"end":{"line":35,"column":46}},"12":{"start":{"line":40,"column":2},"end":{"line":61,"column":3}},"13":{"start":{"line":41,"column":17},"end":{"line":56,"column":22}},"14":{"start":{"line":57,"column":4},"end":{"line":57,"column":16}},"15":{"start":{"line":60,"column":4},"end":{"line":60,"column":48}},"16":{"start":{"line":64,"column":0},"end":{"line":87,"column":1}},"17":{"start":{"line":65,"column":2},"end":{"line":86,"column":3}},"18":{"start":{"line":66,"column":18},"end":{"line":81,"column":22}},"19":{"start":{"line":82,"column":4},"end":{"line":82,"column":17}},"20":{"start":{"line":85,"column":4},"end":{"line":85,"column":47}}},"fnMap":{"0":{"name":"(anonymous_0)","decl":{"start":{"line":4,"column":27},"end":{"line":4,"column":28}},"loc":{"start":{"line":4,"column":59},"end":{"line":12,"column":1}},"line":4},"1":{"name":"(anonymous_1)","decl":{"start":{"line":14,"column":28},"end":{"line":14,"column":29}},"loc":{"start":{"line":14,"column":40},"end":{"line":37,"column":1}},"line":14},"2":{"name":"(anonymous_2)","decl":{"start":{"line":39,"column":29},"end":{"line":39,"column":30}},"loc":{"start":{"line":39,"column":47},"end":{"line":62,"column":1}},"line":39},"3":{"name":"(anonymous_3)","decl":{"start":{"line":64,"column":29},"end":{"line":64,"column":30}},"loc":{"start":{"line":64,"column":45},"end":{"line":87,"column":1}},"line":64}},"branchMap":{},"s":{"0":3,"1":3,"2":3,"3":16,"4":16,"5":16,"6":0,"7":3,"8":1,"9":1,"10":1,"11":0,"12":4,"13":4,"14":4,"15":0,"16":3,"17":1,"18":1,"19":1,"20":0},"f":{"0":16,"1":1,"2":4,"3":1},"b":{},"_coverageSchema":"1a1c01bbd47fc00a2c39e90264f33305004495a9","hash":"e99438a8ce3c5b871b5583517b29565b03f2003f"}
,"C:\\Users\\au_wa\\OneDrive\\Desktop\\UW Assignment\\Back-End\\Final-Project\\Noi-Cocktail-Recipe\\daos\\userDao.js": {"path":"C:\\Users\\au_wa\\OneDrive\\Desktop\\UW Assignment\\Back-End\\Final-Project\\Noi-Cocktail-Recipe\\daos\\userDao.js","statementMap":{"0":{"start":{"line":1,"column":13},"end":{"line":1,"column":43}},"1":{"start":{"line":2,"column":0},"end":{"line":2,"column":20}},"2":{"start":{"line":4,"column":0},"end":{"line":12,"column":2}},"3":{"start":{"line":5,"column":2},"end":{"line":11,"column":3}},"4":{"start":{"line":6,"column":32},"end":{"line":6,"column":39}},"5":{"start":{"line":7,"column":4},"end":{"line":7,"column":43}},"6":{"start":{"line":10,"column":4},"end":{"line":10,"column":45}},"7":{"start":{"line":14,"column":0},"end":{"line":32,"column":1}},"8":{"start":{"line":15,"column":2},"end":{"line":21,"column":3}},"9":{"start":{"line":16,"column":17},"end":{"line":16,"column":46}},"10":{"start":{"line":17,"column":4},"end":{"line":17,"column":16}},"11":{"start":{"line":20,"column":4},"end":{"line":20,"column":42}},"12":{"start":{"line":25,"column":2},"end":{"line":31,"column":3}},"13":{"start":{"line":26,"column":17},"end":{"line":26,"column":82}},"14":{"start":{"line":27,"column":4},"end":{"line":27,"column":16}},"15":{"start":{"line":30,"column":4},"end":{"line":30,"column":54}}},"fnMap":{"0":{"name":"(anonymous_0)","decl":{"start":{"line":4,"column":28},"end":{"line":4,"column":29}},"loc":{"start":{"line":4,"column":47},"end":{"line":12,"column":1}},"line":4},"1":{"name":"(anonymous_1)","decl":{"start":{"line":14,"column":24},"end":{"line":14,"column":25}},"loc":{"start":{"line":14,"column":40},"end":{"line":22,"column":1}},"line":14},"2":{"name":"(anonymous_2)","decl":{"start":{"line":24,"column":35},"end":{"line":24,"column":36}},"loc":{"start":{"line":24,"column":62},"end":{"line":32,"column":1}},"line":24}},"branchMap":{},"s":{"0":3,"1":3,"2":3,"3":151,"4":151,"5":151,"6":0,"7":3,"8":300,"9":300,"10":300,"11":0,"12":2,"13":2,"14":2,"15":0},"f":{"0":151,"1":300,"2":2},"b":{},"_coverageSchema":"1a1c01bbd47fc00a2c39e90264f33305004495a9","hash":"eff80330e8181e800facc4d8aae2b06b966a483e"}
,"C:\\Users\\au_wa\\OneDrive\\Desktop\\UW Assignment\\Back-End\\Final-Project\\Noi-Cocktail-Recipe\\models\\itemModel.js": {"path":"C:\\Users\\au_wa\\OneDrive\\Desktop\\UW Assignment\\Back-End\\Final-Project\\Noi-Cocktail-Recipe\\models\\itemModel.js","statementMap":{"0":{"start":{"line":1,"column":17},"end":{"line":1,"column":36}},"1":{"start":{"line":3,"column":19},"end":{"line":8,"column":2}},"2":{"start":{"line":10,"column":0},"end":{"line":10,"column":54}},"3":{"start":{"line":12,"column":0},"end":{"line":12,"column":53}}},"fnMap":{},"branchMap":{},"s":{"0":3,"1":3,"2":3,"3":3},"f":{},"b":{},"_coverageSchema":"1a1c01bbd47fc00a2c39e90264f33305004495a9","hash":"9583bb0cfe90ec6bbb0192bc58790e2c6029121f"}
,"C:\\Users\\au_wa\\OneDrive\\Desktop\\UW Assignment\\Back-End\\Final-Project\\Noi-Cocktail-Recipe\\models\\menuModel.js": {"path":"C:\\Users\\au_wa\\OneDrive\\Desktop\\UW Assignment\\Back-End\\Final-Project\\Noi-Cocktail-Recipe\\models\\menuModel.js","statementMap":{"0":{"start":{"line":1,"column":17},"end":{"line":1,"column":36}},"1":{"start":{"line":3,"column":19},"end":{"line":11,"column":2}},"2":{"start":{"line":13,"column":0},"end":{"line":13,"column":52}}},"fnMap":{},"branchMap":{},"s":{"0":3,"1":3,"2":3},"f":{},"b":{},"_coverageSchema":"1a1c01bbd47fc00a2c39e90264f33305004495a9","hash":"7c86548deda536f90c17cf6274ad7eced6a22121"}
,"C:\\Users\\au_wa\\OneDrive\\Desktop\\UW Assignment\\Back-End\\Final-Project\\Noi-Cocktail-Recipe\\models\\userModel.js": {"path":"C:\\Users\\au_wa\\OneDrive\\Desktop\\UW Assignment\\Back-End\\Final-Project\\Noi-Cocktail-Recipe\\models\\userModel.js","statementMap":{"0":{"start":{"line":1,"column":17},"end":{"line":1,"column":36}},"1":{"start":{"line":3,"column":19},"end":{"line":7,"column":2}},"2":{"start":{"line":9,"column":0},"end":{"line":9,"column":53}}},"fnMap":{},"branchMap":{},"s":{"0":3,"1":3,"2":3},"f":{},"b":{},"_coverageSchema":"1a1c01bbd47fc00a2c39e90264f33305004495a9","hash":"a1dbedd83a096fe6fba2d9ff46c82c6939b20534"}
,"C:\\Users\\au_wa\\OneDrive\\Desktop\\UW Assignment\\Back-End\\Final-Project\\Noi-Cocktail-Recipe\\routes\\auth.js": {"path":"C:\\Users\\au_wa\\OneDrive\\Desktop\\UW Assignment\\Back-End\\Final-Project\\Noi-Cocktail-Recipe\\routes\\auth.js","statementMap":{"0":{"start":{"line":1,"column":12},"end":{"line":1,"column":35}},"1":{"start":{"line":3,"column":21},"end":{"line":23,"column":1}},"2":{"start":{"line":4,"column":2},"end":{"line":22,"column":3}},"3":{"start":{"line":5,"column":23},"end":{"line":5,"column":48}},"4":{"start":{"line":6,"column":4},"end":{"line":8,"column":5}},"5":{"start":{"line":7,"column":6},"end":{"line":7,"column":61}},"6":{"start":{"line":9,"column":18},"end":{"line":9,"column":50}},"7":{"start":{"line":10,"column":4},"end":{"line":12,"column":5}},"8":{"start":{"line":11,"column":6},"end":{"line":11,"column":66}},"9":{"start":{"line":13,"column":25},"end":{"line":13,"column":42}},"10":{"start":{"line":14,"column":4},"end":{"line":16,"column":5}},"11":{"start":{"line":15,"column":6},"end":{"line":15,"column":63}},"12":{"start":{"line":17,"column":4},"end":{"line":17,"column":28}},"13":{"start":{"line":18,"column":4},"end":{"line":18,"column":11}},"14":{"start":{"line":21,"column":4},"end":{"line":21,"column":65}},"15":{"start":{"line":25,"column":16},"end":{"line":34,"column":1}},"16":{"start":{"line":26,"column":2},"end":{"line":28,"column":3}},"17":{"start":{"line":27,"column":4},"end":{"line":27,"column":59}},"18":{"start":{"line":29,"column":15},"end":{"line":29,"column":23}},"19":{"start":{"line":30,"column":2},"end":{"line":32,"column":3}},"20":{"start":{"line":31,"column":4},"end":{"line":31,"column":79}},"21":{"start":{"line":33,"column":2},"end":{"line":33,"column":9}},"22":{"start":{"line":37,"column":2},"end":{"line":39,"column":3}},"23":{"start":{"line":38,"column":4},"end":{"line":38,"column":59}},"24":{"start":{"line":40,"column":15},"end":{"line":40,"column":23}},"25":{"start":{"line":41,"column":2},"end":{"line":45,"column":3}},"26":{"start":{"line":42,"column":4},"end":{"line":42,"column":18}},"27":{"start":{"line":44,"column":4},"end":{"line":44,"column":90}},"28":{"start":{"line":48,"column":0},"end":{"line":48,"column":57}}},"fnMap":{"0":{"name":"(anonymous_0)","decl":{"start":{"line":3,"column":21},"end":{"line":3,"column":22}},"loc":{"start":{"line":3,"column":47},"end":{"line":23,"column":1}},"line":3},"1":{"name":"(anonymous_1)","decl":{"start":{"line":25,"column":16},"end":{"line":25,"column":17}},"loc":{"start":{"line":25,"column":36},"end":{"line":34,"column":1}},"line":25},"2":{"name":"isAdminOrManager","decl":{"start":{"line":36,"column":9},"end":{"line":36,"column":25}},"loc":{"start":{"line":36,"column":42},"end":{"line":46,"column":1}},"line":36}},"branchMap":{"0":{"loc":{"start":{"line":6,"column":4},"end":{"line":8,"column":5}},"type":"if","locations":[{"start":{"line":6,"column":4},"end":{"line":8,"column":5}},{"start":{},"end":{}}],"line":6},"1":{"loc":{"start":{"line":10,"column":4},"end":{"line":12,"column":5}},"type":"if","locations":[{"start":{"line":10,"column":4},"end":{"line":12,"column":5}},{"start":{},"end":{}}],"line":10},"2":{"loc":{"start":{"line":14,"column":4},"end":{"line":16,"column":5}},"type":"if","locations":[{"start":{"line":14,"column":4},"end":{"line":16,"column":5}},{"start":{},"end":{}}],"line":14},"3":{"loc":{"start":{"line":26,"column":2},"end":{"line":28,"column":3}},"type":"if","locations":[{"start":{"line":26,"column":2},"end":{"line":28,"column":3}},{"start":{},"end":{}}],"line":26},"4":{"loc":{"start":{"line":30,"column":2},"end":{"line":32,"column":3}},"type":"if","locations":[{"start":{"line":30,"column":2},"end":{"line":32,"column":3}},{"start":{},"end":{}}],"line":30},"5":{"loc":{"start":{"line":37,"column":2},"end":{"line":39,"column":3}},"type":"if","locations":[{"start":{"line":37,"column":2},"end":{"line":39,"column":3}},{"start":{},"end":{}}],"line":37},"6":{"loc":{"start":{"line":41,"column":2},"end":{"line":45,"column":3}},"type":"if","locations":[{"start":{"line":41,"column":2},"end":{"line":45,"column":3}},{"start":{"line":43,"column":9},"end":{"line":45,"column":3}}],"line":41},"7":{"loc":{"start":{"line":41,"column":6},"end":{"line":41,"column":68}},"type":"binary-expr","locations":[{"start":{"line":41,"column":6},"end":{"line":41,"column":34}},{"start":{"line":41,"column":38},"end":{"line":41,"column":68}}],"line":41}},"s":{"0":3,"1":3,"2":84,"3":84,"4":84,"5":7,"6":77,"7":77,"8":0,"9":77,"10":77,"11":8,"12":69,"13":69,"14":0,"15":3,"16":5,"17":0,"18":5,"19":5,"20":2,"21":3,"22":49,"23":0,"24":49,"25":49,"26":43,"27":6,"28":3},"f":{"0":84,"1":5,"2":49},"b":{"0":[7,77],"1":[0,77],"2":[8,69],"3":[0,5],"4":[2,3],"5":[0,49],"6":[43,6],"7":[49,23]},"_coverageSchema":"1a1c01bbd47fc00a2c39e90264f33305004495a9","hash":"66b96957e14fee1ed22fb85dddb854fa82d44cff"}
,"C:\\Users\\au_wa\\OneDrive\\Desktop\\UW Assignment\\Back-End\\Final-Project\\Noi-Cocktail-Recipe\\routes\\index.js": {"path":"C:\\Users\\au_wa\\OneDrive\\Desktop\\UW Assignment\\Back-End\\Final-Project\\Noi-Cocktail-Recipe\\routes\\index.js","statementMap":{"0":{"start":{"line":1,"column":19},"end":{"line":1,"column":37}},"1":{"start":{"line":2,"column":15},"end":{"line":2,"column":23}},"2":{"start":{"line":4,"column":0},"end":{"line":4,"column":46}},"3":{"start":{"line":5,"column":0},"end":{"line":5,"column":46}},"4":{"start":{"line":6,"column":0},"end":{"line":6,"column":45}},"5":{"start":{"line":8,"column":0},"end":{"line":10,"column":3}},"6":{"start":{"line":9,"column":4},"end":{"line":9,"column":47}},"7":{"start":{"line":12,"column":0},"end":{"line":15,"column":2}},"8":{"start":{"line":13,"column":4},"end":{"line":13,"column":28}},"9":{"start":{"line":14,"column":4},"end":{"line":14,"column":49}},"10":{"start":{"line":17,"column":0},"end":{"line":17,"column":24}}},"fnMap":{"0":{"name":"(anonymous_0)","decl":{"start":{"line":8,"column":16},"end":{"line":8,"column":17}},"loc":{"start":{"line":8,"column":36},"end":{"line":10,"column":1}},"line":8},"1":{"name":"(anonymous_1)","decl":{"start":{"line":12,"column":11},"end":{"line":12,"column":12}},"loc":{"start":{"line":12,"column":33},"end":{"line":15,"column":1}},"line":12}},"branchMap":{},"s":{"0":3,"1":3,"2":3,"3":3,"4":3,"5":3,"6":1,"7":3,"8":0,"9":0,"10":3},"f":{"0":1,"1":0},"b":{},"_coverageSchema":"1a1c01bbd47fc00a2c39e90264f33305004495a9","hash":"3ed55df0ce3e45fd2c943663520ace3abc760932"}
,"C:\\Users\\au_wa\\OneDrive\\Desktop\\UW Assignment\\Back-End\\Final-Project\\Noi-Cocktail-Recipe\\routes\\itemsRoute.js": {"path":"C:\\Users\\au_wa\\OneDrive\\Desktop\\UW Assignment\\Back-End\\Final-Project\\Noi-Cocktail-Recipe\\routes\\itemsRoute.js","statementMap":{"0":{"start":{"line":1,"column":17},"end":{"line":1,"column":35}},"1":{"start":{"line":2,"column":15},"end":{"line":2,"column":23}},"2":{"start":{"line":3,"column":16},"end":{"line":3,"column":42}},"3":{"start":{"line":4,"column":48},"end":{"line":4,"column":65}},"4":{"start":{"line":6,"column":0},"end":{"line":15,"column":3}},"5":{"start":{"line":7,"column":2},"end":{"line":14,"column":3}},"6":{"start":{"line":8,"column":20},"end":{"line":8,"column":28}},"7":{"start":{"line":9,"column":20},"end":{"line":9,"column":53}},"8":{"start":{"line":10,"column":4},"end":{"line":10,"column":34}},"9":{"start":{"line":13,"column":4},"end":{"line":13,"column":15}},"10":{"start":{"line":17,"column":0},"end":{"line":30,"column":3}},"11":{"start":{"line":18,"column":2},"end":{"line":29,"column":3}},"12":{"start":{"line":19,"column":19},"end":{"line":19,"column":32}},"13":{"start":{"line":20,"column":24},"end":{"line":20,"column":70}},"14":{"start":{"line":22,"column":4},"end":{"line":24,"column":5}},"15":{"start":{"line":23,"column":6},"end":{"line":23,"column":63}},"16":{"start":{"line":25,"column":4},"end":{"line":25,"column":26}},"17":{"start":{"line":28,"column":4},"end":{"line":28,"column":15}},"18":{"start":{"line":32,"column":0},"end":{"line":41,"column":3}},"19":{"start":{"line":33,"column":2},"end":{"line":40,"column":3}},"20":{"start":{"line":34,"column":18},"end":{"line":34,"column":27}},"21":{"start":{"line":35,"column":18},"end":{"line":35,"column":45}},"22":{"start":{"line":36,"column":4},"end":{"line":36,"column":20}},"23":{"start":{"line":39,"column":4},"end":{"line":39,"column":15}},"24":{"start":{"line":43,"column":0},"end":{"line":51,"column":3}},"25":{"start":{"line":44,"column":2},"end":{"line":50,"column":3}},"26":{"start":{"line":45,"column":18},"end":{"line":45,"column":46}},"27":{"start":{"line":46,"column":4},"end":{"line":46,"column":20}},"28":{"start":{"line":49,"column":4},"end":{"line":49,"column":15}},"29":{"start":{"line":53,"column":0},"end":{"line":65,"column":3}},"30":{"start":{"line":54,"column":2},"end":{"line":64,"column":3}},"31":{"start":{"line":55,"column":19},"end":{"line":55,"column":32}},"32":{"start":{"line":56,"column":4},"end":{"line":58,"column":5}},"33":{"start":{"line":57,"column":6},"end":{"line":57,"column":94}},"34":{"start":{"line":59,"column":17},"end":{"line":59,"column":51}},"35":{"start":{"line":60,"column":4},"end":{"line":60,"column":19}},"36":{"start":{"line":63,"column":4},"end":{"line":63,"column":15}},"37":{"start":{"line":67,"column":0},"end":{"line":84,"column":3}},"38":{"start":{"line":68,"column":2},"end":{"line":83,"column":3}},"39":{"start":{"line":69,"column":19},"end":{"line":69,"column":32}},"40":{"start":{"line":70,"column":4},"end":{"line":72,"column":5}},"41":{"start":{"line":71,"column":6},"end":{"line":71,"column":94}},"42":{"start":{"line":73,"column":17},"end":{"line":73,"column":51}},"43":{"start":{"line":75,"column":4},"end":{"line":77,"column":5}},"44":{"start":{"line":76,"column":6},"end":{"line":76,"column":63}},"45":{"start":{"line":79,"column":4},"end":{"line":79,"column":37}},"46":{"start":{"line":80,"column":4},"end":{"line":80,"column":24}},"47":{"start":{"line":82,"column":4},"end":{"line":82,"column":16}},"48":{"start":{"line":86,"column":0},"end":{"line":86,"column":24}}},"fnMap":{"0":{"name":"(anonymous_0)","decl":{"start":{"line":6,"column":49},"end":{"line":6,"column":50}},"loc":{"start":{"line":6,"column":75},"end":{"line":15,"column":1}},"line":6},"1":{"name":"(anonymous_1)","decl":{"start":{"line":17,"column":51},"end":{"line":17,"column":52}},"loc":{"start":{"line":17,"column":77},"end":{"line":30,"column":1}},"line":17},"2":{"name":"(anonymous_2)","decl":{"start":{"line":32,"column":35},"end":{"line":32,"column":36}},"loc":{"start":{"line":32,"column":61},"end":{"line":41,"column":1}},"line":32},"3":{"name":"(anonymous_3)","decl":{"start":{"line":43,"column":29},"end":{"line":43,"column":30}},"loc":{"start":{"line":43,"column":55},"end":{"line":51,"column":1}},"line":43},"4":{"name":"(anonymous_4)","decl":{"start":{"line":53,"column":32},"end":{"line":53,"column":33}},"loc":{"start":{"line":53,"column":58},"end":{"line":65,"column":1}},"line":53},"5":{"name":"(anonymous_5)","decl":{"start":{"line":67,"column":43},"end":{"line":67,"column":44}},"loc":{"start":{"line":67,"column":69},"end":{"line":84,"column":1}},"line":67}},"branchMap":{"0":{"loc":{"start":{"line":22,"column":4},"end":{"line":24,"column":5}},"type":"if","locations":[{"start":{"line":22,"column":4},"end":{"line":24,"column":5}},{"start":{},"end":{}}],"line":22},"1":{"loc":{"start":{"line":56,"column":4},"end":{"line":58,"column":5}},"type":"if","locations":[{"start":{"line":56,"column":4},"end":{"line":58,"column":5}},{"start":{},"end":{}}],"line":56},"2":{"loc":{"start":{"line":70,"column":4},"end":{"line":72,"column":5}},"type":"if","locations":[{"start":{"line":70,"column":4},"end":{"line":72,"column":5}},{"start":{},"end":{}}],"line":70},"3":{"loc":{"start":{"line":75,"column":4},"end":{"line":77,"column":5}},"type":"if","locations":[{"start":{"line":75,"column":4},"end":{"line":77,"column":5}},{"start":{},"end":{}}],"line":75}},"s":{"0":3,"1":3,"2":3,"3":3,"4":3,"5":16,"6":16,"7":16,"8":16,"9":0,"10":3,"11":4,"12":4,"13":4,"14":4,"15":0,"16":4,"17":0,"18":3,"19":3,"20":3,"21":3,"22":3,"23":0,"24":3,"25":3,"26":3,"27":3,"28":0,"29":3,"30":6,"31":6,"32":6,"33":0,"34":6,"35":6,"36":0,"37":3,"38":2,"39":2,"40":2,"41":1,"42":1,"43":1,"44":0,"45":1,"46":1,"47":0,"48":3},"f":{"0":16,"1":4,"2":3,"3":3,"4":6,"5":2},"b":{"0":[0,4],"1":[0,6],"2":[1,1],"3":[0,1]},"_coverageSchema":"1a1c01bbd47fc00a2c39e90264f33305004495a9","hash":"19cb6efcb2a51bda8361adf7135dad7856aa48cc"}
,"C:\\Users\\au_wa\\OneDrive\\Desktop\\UW Assignment\\Back-End\\Final-Project\\Noi-Cocktail-Recipe\\routes\\menuRoute.js": {"path":"C:\\Users\\au_wa\\OneDrive\\Desktop\\UW Assignment\\Back-End\\Final-Project\\Noi-Cocktail-Recipe\\routes\\menuRoute.js","statementMap":{"0":{"start":{"line":1,"column":17},"end":{"line":1,"column":35}},"1":{"start":{"line":2,"column":15},"end":{"line":2,"column":23}},"2":{"start":{"line":3,"column":16},"end":{"line":3,"column":42}},"3":{"start":{"line":4,"column":16},"end":{"line":4,"column":42}},"4":{"start":{"line":5,"column":40},"end":{"line":5,"column":57}},"5":{"start":{"line":7,"column":0},"end":{"line":25,"column":3}},"6":{"start":{"line":8,"column":2},"end":{"line":24,"column":3}},"7":{"start":{"line":9,"column":23},"end":{"line":9,"column":31}},"8":{"start":{"line":10,"column":17},"end":{"line":10,"column":18}},"9":{"start":{"line":11,"column":4},"end":{"line":18,"column":5}},"10":{"start":{"line":12,"column":19},"end":{"line":12,"column":53}},"11":{"start":{"line":13,"column":6},"end":{"line":17,"column":7}},"12":{"start":{"line":14,"column":8},"end":{"line":14,"column":83}},"13":{"start":{"line":16,"column":8},"end":{"line":16,"column":20}},"14":{"start":{"line":19,"column":20},"end":{"line":19,"column":72}},"15":{"start":{"line":20,"column":4},"end":{"line":20,"column":34}},"16":{"start":{"line":23,"column":4},"end":{"line":23,"column":15}},"17":{"start":{"line":27,"column":0},"end":{"line":40,"column":3}},"18":{"start":{"line":28,"column":2},"end":{"line":39,"column":3}},"19":{"start":{"line":30,"column":4},"end":{"line":34,"column":5}},"20":{"start":{"line":31,"column":6},"end":{"line":31,"column":41}},"21":{"start":{"line":33,"column":6},"end":{"line":33,"column":54}},"22":{"start":{"line":35,"column":4},"end":{"line":35,"column":19}},"23":{"start":{"line":38,"column":4},"end":{"line":38,"column":15}},"24":{"start":{"line":42,"column":0},"end":{"line":64,"column":3}},"25":{"start":{"line":43,"column":2},"end":{"line":63,"column":3}},"26":{"start":{"line":44,"column":19},"end":{"line":44,"column":32}},"27":{"start":{"line":45,"column":4},"end":{"line":47,"column":5}},"28":{"start":{"line":46,"column":6},"end":{"line":46,"column":94}},"29":{"start":{"line":48,"column":17},"end":{"line":48,"column":51}},"30":{"start":{"line":49,"column":4},"end":{"line":51,"column":5}},"31":{"start":{"line":50,"column":6},"end":{"line":50,"column":63}},"32":{"start":{"line":52,"column":4},"end":{"line":59,"column":5}},"33":{"start":{"line":53,"column":6},"end":{"line":53,"column":28}},"34":{"start":{"line":55,"column":6},"end":{"line":57,"column":7}},"35":{"start":{"line":56,"column":8},"end":{"line":56,"column":61}},"36":{"start":{"line":58,"column":6},"end":{"line":58,"column":28}},"37":{"start":{"line":62,"column":4},"end":{"line":62,"column":15}},"38":{"start":{"line":66,"column":0},"end":{"line":66,"column":24}}},"fnMap":{"0":{"name":"(anonymous_0)","decl":{"start":{"line":7,"column":48},"end":{"line":7,"column":49}},"loc":{"start":{"line":7,"column":74},"end":{"line":25,"column":1}},"line":7},"1":{"name":"(anonymous_1)","decl":{"start":{"line":27,"column":47},"end":{"line":27,"column":48}},"loc":{"start":{"line":27,"column":73},"end":{"line":40,"column":1}},"line":27},"2":{"name":"(anonymous_2)","decl":{"start":{"line":42,"column":50},"end":{"line":42,"column":51}},"loc":{"start":{"line":42,"column":76},"end":{"line":64,"column":1}},"line":42}},"branchMap":{"0":{"loc":{"start":{"line":13,"column":6},"end":{"line":17,"column":7}},"type":"if","locations":[{"start":{"line":13,"column":6},"end":{"line":17,"column":7}},{"start":{"line":15,"column":11},"end":{"line":17,"column":7}}],"line":13},"1":{"loc":{"start":{"line":30,"column":4},"end":{"line":34,"column":5}},"type":"if","locations":[{"start":{"line":30,"column":4},"end":{"line":34,"column":5}},{"start":{"line":32,"column":11},"end":{"line":34,"column":5}}],"line":30},"2":{"loc":{"start":{"line":45,"column":4},"end":{"line":47,"column":5}},"type":"if","locations":[{"start":{"line":45,"column":4},"end":{"line":47,"column":5}},{"start":{},"end":{}}],"line":45},"3":{"loc":{"start":{"line":49,"column":4},"end":{"line":51,"column":5}},"type":"if","locations":[{"start":{"line":49,"column":4},"end":{"line":51,"column":5}},{"start":{},"end":{}}],"line":49},"4":{"loc":{"start":{"line":52,"column":4},"end":{"line":59,"column":5}},"type":"if","locations":[{"start":{"line":52,"column":4},"end":{"line":59,"column":5}},{"start":{"line":54,"column":9},"end":{"line":59,"column":5}}],"line":52},"5":{"loc":{"start":{"line":55,"column":6},"end":{"line":57,"column":7}},"type":"if","locations":[{"start":{"line":55,"column":6},"end":{"line":57,"column":7}},{"start":{},"end":{}}],"line":55}},"s":{"0":3,"1":3,"2":3,"3":3,"4":3,"5":3,"6":17,"7":17,"8":17,"9":17,"10":36,"11":36,"12":1,"13":35,"14":16,"15":16,"16":0,"17":3,"18":2,"19":2,"20":1,"21":1,"22":2,"23":0,"24":3,"25":4,"26":4,"27":4,"28":0,"29":4,"30":4,"31":0,"32":4,"33":2,"34":2,"35":1,"36":1,"37":0,"38":3},"f":{"0":17,"1":2,"2":4},"b":{"0":[1,35],"1":[1,1],"2":[0,4],"3":[0,4],"4":[2,2],"5":[1,1]},"_coverageSchema":"1a1c01bbd47fc00a2c39e90264f33305004495a9","hash":"d71a00c8cbe529ffc5ce36ae250c259234a8f5cc"}
,"C:\\Users\\au_wa\\OneDrive\\Desktop\\UW Assignment\\Back-End\\Final-Project\\Noi-Cocktail-Recipe\\routes\\usersRoute.js": {"path":"C:\\Users\\au_wa\\OneDrive\\Desktop\\UW Assignment\\Back-End\\Final-Project\\Noi-Cocktail-Recipe\\routes\\usersRoute.js","statementMap":{"0":{"start":{"line":1,"column":17},"end":{"line":1,"column":35}},"1":{"start":{"line":2,"column":15},"end":{"line":2,"column":23}},"2":{"start":{"line":3,"column":15},"end":{"line":3,"column":32}},"3":{"start":{"line":4,"column":12},"end":{"line":4,"column":35}},"4":{"start":{"line":5,"column":16},"end":{"line":5,"column":42}},"5":{"start":{"line":6,"column":31},"end":{"line":6,"column":48}},"6":{"start":{"line":7,"column":13},"end":{"line":7,"column":43}},"7":{"start":{"line":8,"column":18},"end":{"line":8,"column":33}},"8":{"start":{"line":9,"column":19},"end":{"line":9,"column":35}},"9":{"start":{"line":10,"column":21},"end":{"line":10,"column":39}},"10":{"start":{"line":12,"column":0},"end":{"line":33,"column":3}},"11":{"start":{"line":13,"column":15},"end":{"line":13,"column":29}},"12":{"start":{"line":14,"column":20},"end":{"line":14,"column":37}},"13":{"start":{"line":15,"column":2},"end":{"line":32,"column":3}},"14":{"start":{"line":16,"column":25},"end":{"line":16,"column":53}},"15":{"start":{"line":17,"column":4},"end":{"line":28,"column":5}},"16":{"start":{"line":18,"column":6},"end":{"line":18,"column":70}},"17":{"start":{"line":21,"column":6},"end":{"line":23,"column":7}},"18":{"start":{"line":22,"column":8},"end":{"line":22,"column":66}},"19":{"start":{"line":25,"column":29},"end":{"line":25,"column":60}},"20":{"start":{"line":26,"column":6},"end":{"line":26,"column":68}},"21":{"start":{"line":27,"column":6},"end":{"line":27,"column":69}},"22":{"start":{"line":31,"column":4},"end":{"line":31,"column":15}},"23":{"start":{"line":35,"column":0},"end":{"line":73,"column":3}},"24":{"start":{"line":36,"column":16},"end":{"line":36,"column":30}},"25":{"start":{"line":37,"column":20},"end":{"line":37,"column":37}},"26":{"start":{"line":38,"column":17},"end":{"line":38,"column":19}},"27":{"start":{"line":40,"column":2},"end":{"line":72,"column":3}},"28":{"start":{"line":41,"column":17},"end":{"line":41,"column":45}},"29":{"start":{"line":43,"column":4},"end":{"line":45,"column":5}},"30":{"start":{"line":44,"column":6},"end":{"line":44,"column":76}},"31":{"start":{"line":46,"column":4},"end":{"line":48,"column":5}},"32":{"start":{"line":47,"column":6},"end":{"line":47,"column":65}},"33":{"start":{"line":50,"column":26},"end":{"line":50,"column":71}},"34":{"start":{"line":51,"column":4},"end":{"line":54,"column":5}},"35":{"start":{"line":52,"column":6},"end":{"line":52,"column":76}},"36":{"start":{"line":55,"column":4},"end":{"line":61,"column":5}},"37":{"start":{"line":56,"column":8},"end":{"line":56,"column":31}},"38":{"start":{"line":57,"column":10},"end":{"line":61,"column":5}},"39":{"start":{"line":58,"column":8},"end":{"line":58,"column":33}},"40":{"start":{"line":60,"column":8},"end":{"line":60,"column":30}},"41":{"start":{"line":62,"column":18},"end":{"line":66,"column":16}},"42":{"start":{"line":68,"column":4},"end":{"line":68,"column":34}},"43":{"start":{"line":71,"column":4},"end":{"line":71,"column":15}},"44":{"start":{"line":75,"column":0},"end":{"line":91,"column":3}},"45":{"start":{"line":76,"column":2},"end":{"line":90,"column":3}},"46":{"start":{"line":77,"column":25},"end":{"line":77,"column":42}},"47":{"start":{"line":78,"column":17},"end":{"line":78,"column":25}},"48":{"start":{"line":80,"column":4},"end":{"line":82,"column":5}},"49":{"start":{"line":81,"column":6},"end":{"line":81,"column":63}},"50":{"start":{"line":84,"column":30},"end":{"line":84,"column":64}},"51":{"start":{"line":85,"column":4},"end":{"line":85,"column":66}},"52":{"start":{"line":86,"column":4},"end":{"line":86,"column":71}},"53":{"start":{"line":89,"column":4},"end":{"line":89,"column":15}},"54":{"start":{"line":93,"column":0},"end":{"line":119,"column":3}},"55":{"start":{"line":94,"column":2},"end":{"line":118,"column":3}},"56":{"start":{"line":95,"column":25},"end":{"line":95,"column":35}},"57":{"start":{"line":96,"column":24},"end":{"line":96,"column":32}},"58":{"start":{"line":97,"column":19},"end":{"line":97,"column":46}},"59":{"start":{"line":99,"column":6},"end":{"line":101,"column":7}},"60":{"start":{"line":100,"column":10},"end":{"line":100,"column":69}},"61":{"start":{"line":103,"column":6},"end":{"line":105,"column":7}},"62":{"start":{"line":104,"column":8},"end":{"line":104,"column":72}},"63":{"start":{"line":107,"column":6},"end":{"line":109,"column":7}},"64":{"start":{"line":108,"column":8},"end":{"line":108,"column":82}},"65":{"start":{"line":111,"column":6},"end":{"line":111,"column":29}},"66":{"start":{"line":112,"column":6},"end":{"line":112,"column":24}},"67":{"start":{"line":114,"column":6},"end":{"line":114,"column":74}},"68":{"start":{"line":116,"column":6},"end":{"line":116,"column":27}},"69":{"start":{"line":117,"column":6},"end":{"line":117,"column":65}},"70":{"start":{"line":122,"column":0},"end":{"line":124,"column":3}},"71":{"start":{"line":123,"column":2},"end":{"line":123,"column":28}},"72":{"start":{"line":126,"column":0},"end":{"line":126,"column":24}}},"fnMap":{"0":{"name":"(anonymous_0)","decl":{"start":{"line":12,"column":23},"end":{"line":12,"column":24}},"loc":{"start":{"line":12,"column":49},"end":{"line":33,"column":1}},"line":12},"1":{"name":"(anonymous_1)","decl":{"start":{"line":35,"column":22},"end":{"line":35,"column":23}},"loc":{"start":{"line":35,"column":48},"end":{"line":73,"column":1}},"line":35},"2":{"name":"(anonymous_2)","decl":{"start":{"line":75,"column":38},"end":{"line":75,"column":39}},"loc":{"start":{"line":75,"column":64},"end":{"line":91,"column":1}},"line":75},"3":{"name":"(anonymous_3)","decl":{"start":{"line":93,"column":51},"end":{"line":93,"column":52}},"loc":{"start":{"line":93,"column":71},"end":{"line":119,"column":1}},"line":93},"4":{"name":"(anonymous_4)","decl":{"start":{"line":122,"column":23},"end":{"line":122,"column":24}},"loc":{"start":{"line":122,"column":49},"end":{"line":124,"column":1}},"line":122}},"branchMap":{"0":{"loc":{"start":{"line":17,"column":4},"end":{"line":28,"column":5}},"type":"if","locations":[{"start":{"line":17,"column":4},"end":{"line":28,"column":5}},{"start":{"line":19,"column":9},"end":{"line":28,"column":5}}],"line":17},"1":{"loc":{"start":{"line":21,"column":6},"end":{"line":23,"column":7}},"type":"if","locations":[{"start":{"line":21,"column":6},"end":{"line":23,"column":7}},{"start":{},"end":{}}],"line":21},"2":{"loc":{"start":{"line":43,"column":4},"end":{"line":45,"column":5}},"type":"if","locations":[{"start":{"line":43,"column":4},"end":{"line":45,"column":5}},{"start":{},"end":{}}],"line":43},"3":{"loc":{"start":{"line":46,"column":4},"end":{"line":48,"column":5}},"type":"if","locations":[{"start":{"line":46,"column":4},"end":{"line":48,"column":5}},{"start":{},"end":{}}],"line":46},"4":{"loc":{"start":{"line":51,"column":4},"end":{"line":54,"column":5}},"type":"if","locations":[{"start":{"line":51,"column":4},"end":{"line":54,"column":5}},{"start":{},"end":{}}],"line":51},"5":{"loc":{"start":{"line":55,"column":4},"end":{"line":61,"column":5}},"type":"if","locations":[{"start":{"line":55,"column":4},"end":{"line":61,"column":5}},{"start":{"line":57,"column":10},"end":{"line":61,"column":5}}],"line":55},"6":{"loc":{"start":{"line":57,"column":10},"end":{"line":61,"column":5}},"type":"if","locations":[{"start":{"line":57,"column":10},"end":{"line":61,"column":5}},{"start":{"line":59,"column":9},"end":{"line":61,"column":5}}],"line":57},"7":{"loc":{"start":{"line":80,"column":4},"end":{"line":82,"column":5}},"type":"if","locations":[{"start":{"line":80,"column":4},"end":{"line":82,"column":5}},{"start":{},"end":{}}],"line":80},"8":{"loc":{"start":{"line":99,"column":6},"end":{"line":101,"column":7}},"type":"if","locations":[{"start":{"line":99,"column":6},"end":{"line":101,"column":7}},{"start":{},"end":{}}],"line":99},"9":{"loc":{"start":{"line":103,"column":6},"end":{"line":105,"column":7}},"type":"if","locations":[{"start":{"line":103,"column":6},"end":{"line":105,"column":7}},{"start":{},"end":{}}],"line":103},"10":{"loc":{"start":{"line":103,"column":10},"end":{"line":103,"column":44}},"type":"binary-expr","locations":[{"start":{"line":103,"column":10},"end":{"line":103,"column":27}},{"start":{"line":103,"column":29},"end":{"line":103,"column":44}}],"line":103},"11":{"loc":{"start":{"line":107,"column":6},"end":{"line":109,"column":7}},"type":"if","locations":[{"start":{"line":107,"column":6},"end":{"line":109,"column":7}},{"start":{},"end":{}}],"line":107}},"s":{"0":3,"1":3,"2":3,"3":3,"4":3,"5":3,"6":3,"7":3,"8":3,"9":3,"10":3,"11":154,"12":154,"13":154,"14":154,"15":154,"16":1,"17":153,"18":2,"19":151,"20":151,"21":151,"22":0,"23":3,"24":146,"25":146,"26":146,"27":146,"28":146,"29":146,"30":1,"31":145,"32":2,"33":143,"34":143,"35":4,"36":139,"37":48,"38":91,"39":38,"40":53,"41":139,"42":139,"43":0,"44":3,"45":3,"46":3,"47":3,"48":3,"49":1,"50":2,"51":2,"52":2,"53":0,"54":3,"55":1,"56":1,"57":1,"58":1,"59":1,"60":0,"61":1,"62":0,"63":1,"64":0,"65":1,"66":1,"67":1,"68":0,"69":0,"70":3,"71":1,"72":3},"f":{"0":154,"1":146,"2":3,"3":1,"4":1},"b":{"0":[1,153],"1":[2,151],"2":[1,145],"3":[2,143],"4":[4,139],"5":[48,91],"6":[38,53],"7":[1,2],"8":[0,1],"9":[0,1],"10":[1,0],"11":[0,1]},"_coverageSchema":"1a1c01bbd47fc00a2c39e90264f33305004495a9","hash":"3c30dca8f8248781cbc9ac34f35136f50d93f6b1"}
}
