TN:
SF:server.js
FNF:0
FNH:0
DA:1,3
DA:3,3
DA:5,3
DA:6,3
DA:8,3
DA:10,3
LF:6
LH:6
BRF:0
BRH:0
end_of_record
TN:
SF:test-utils.js
FN:10,(anonymous_0)
FN:12,(anonymous_1)
FN:15,(anonymous_2)
FN:19,(anonymous_3)
FN:20,(anonymous_4)
FN:23,(anonymous_5)
FN:31,(anonymous_6)
FN:33,(anonymous_7)
FNF:8
FNH:6
FNDA:3,(anonymous_0)
FNDA:9,(anonymous_1)
FNDA:3,(anonymous_2)
FNDA:76,(anonymous_3)
FNDA:228,(anonymous_4)
FNDA:2,(anonymous_5)
FNDA:0,(anonymous_6)
FNDA:0,(anonymous_7)
DA:1,3
DA:2,3
DA:8,3
DA:10,3
DA:11,3
DA:12,9
DA:15,3
DA:16,3
DA:19,3
DA:20,228
DA:23,3
DA:24,2
DA:25,2
DA:26,1
DA:28,2
DA:31,3
DA:32,0
DA:33,0
DA:34,0
DA:36,0
LF:20
LH:16
BRDA:25,0,0,1
BRDA:25,0,1,1
BRF:2
BRH:2
end_of_record
TN:
SF:daos\itemDao.js
FN:4,(anonymous_0)
FN:13,(anonymous_1)
FN:25,(anonymous_2)
FN:34,(anonymous_3)
FN:43,(anonymous_4)
FN:52,(anonymous_5)
FNF:6
FNH:6
FNDA:16,(anonymous_0)
FNDA:3,(anonymous_1)
FNDA:3,(anonymous_2)
FNDA:43,(anonymous_3)
FNDA:4,(anonymous_4)
FNDA:1,(anonymous_5)
DA:1,3
DA:2,3
DA:4,3
DA:5,16
DA:6,16
DA:7,16
DA:9,0
DA:14,3
DA:15,3
DA:21,0
DA:25,3
DA:26,3
DA:27,3
DA:28,3
DA:30,0
DA:35,43
DA:36,43
DA:37,43
DA:39,0
DA:44,4
DA:45,4
DA:46,4
DA:48,0
DA:52,3
DA:53,1
DA:54,1
DA:55,1
DA:57,0
LF:28
LH:22
BRF:0
BRH:0
end_of_record
TN:
SF:daos\menuDao.js
FN:4,(anonymous_0)
FN:14,(anonymous_1)
FN:39,(anonymous_2)
FN:64,(anonymous_3)
FNF:4
FNH:4
FNDA:16,(anonymous_0)
FNDA:1,(anonymous_1)
FNDA:4,(anonymous_2)
FNDA:1,(anonymous_3)
DA:1,3
DA:2,3
DA:4,3
DA:5,16
DA:6,16
DA:7,16
DA:10,0
DA:14,3
DA:15,1
DA:16,1
DA:32,1
DA:35,0
DA:40,4
DA:41,4
DA:57,4
DA:60,0
DA:64,3
DA:65,1
DA:66,1
DA:82,1
DA:85,0
LF:21
LH:17
BRF:0
BRH:0
end_of_record
TN:
SF:daos\userDao.js
FN:4,(anonymous_0)
FN:14,(anonymous_1)
FN:24,(anonymous_2)
FNF:3
FNH:3
FNDA:151,(anonymous_0)
FNDA:300,(anonymous_1)
FNDA:2,(anonymous_2)
DA:1,3
DA:2,3
DA:4,3
DA:5,151
DA:6,151
DA:7,151
DA:10,0
DA:14,3
DA:15,300
DA:16,300
DA:17,300
DA:20,0
DA:25,2
DA:26,2
DA:27,2
DA:30,0
LF:16
LH:13
BRF:0
BRH:0
end_of_record
TN:
SF:models\itemModel.js
FNF:0
FNH:0
DA:1,3
DA:3,3
DA:10,3
DA:12,3
LF:4
LH:4
BRF:0
BRH:0
end_of_record
TN:
SF:models\menuModel.js
FNF:0
FNH:0
DA:1,3
DA:3,3
DA:13,3
LF:3
LH:3
BRF:0
BRH:0
end_of_record
TN:
SF:models\userModel.js
FNF:0
FNH:0
DA:1,3
DA:3,3
DA:9,3
LF:3
LH:3
BRF:0
BRH:0
end_of_record
TN:
SF:routes\auth.js
FN:3,(anonymous_0)
FN:25,(anonymous_1)
FN:36,isAdminOrManager
FNF:3
FNH:3
FNDA:84,(anonymous_0)
FNDA:5,(anonymous_1)
FNDA:49,isAdminOrManager
DA:1,3
DA:3,3
DA:4,84
DA:5,84
DA:6,84
DA:7,7
DA:9,77
DA:10,77
DA:11,0
DA:13,77
DA:14,77
DA:15,8
DA:17,69
DA:18,69
DA:21,0
DA:25,3
DA:26,5
DA:27,0
DA:29,5
DA:30,5
DA:31,2
DA:33,3
DA:37,49
DA:38,0
DA:40,49
DA:41,49
DA:42,43
DA:44,6
DA:48,3
LF:29
LH:25
BRDA:6,0,0,7
BRDA:6,0,1,77
BRDA:10,1,0,0
BRDA:10,1,1,77
BRDA:14,2,0,8
BRDA:14,2,1,69
BRDA:26,3,0,0
BRDA:26,3,1,5
BRDA:30,4,0,2
BRDA:30,4,1,3
BRDA:37,5,0,0
BRDA:37,5,1,49
BRDA:41,6,0,43
BRDA:41,6,1,6
BRDA:41,7,0,49
BRDA:41,7,1,23
BRF:16
BRH:13
end_of_record
TN:
SF:routes\index.js
FN:8,(anonymous_0)
FN:12,(anonymous_1)
FNF:2
FNH:1
FNDA:1,(anonymous_0)
FNDA:0,(anonymous_1)
DA:1,3
DA:2,3
DA:4,3
DA:5,3
DA:6,3
DA:8,3
DA:9,1
DA:12,3
DA:13,0
DA:14,0
DA:17,3
LF:11
LH:9
BRF:0
BRH:0
end_of_record
TN:
SF:routes\itemsRoute.js
FN:6,(anonymous_0)
FN:17,(anonymous_1)
FN:32,(anonymous_2)
FN:43,(anonymous_3)
FN:53,(anonymous_4)
FN:67,(anonymous_5)
FNF:6
FNH:6
FNDA:16,(anonymous_0)
FNDA:4,(anonymous_1)
FNDA:3,(anonymous_2)
FNDA:3,(anonymous_3)
FNDA:6,(anonymous_4)
FNDA:2,(anonymous_5)
DA:1,3
DA:2,3
DA:3,3
DA:4,3
DA:6,3
DA:7,16
DA:8,16
DA:9,16
DA:10,16
DA:13,0
DA:17,3
DA:18,4
DA:19,4
DA:20,4
DA:22,4
DA:23,0
DA:25,4
DA:28,0
DA:32,3
DA:33,3
DA:34,3
DA:35,3
DA:36,3
DA:39,0
DA:43,3
DA:44,3
DA:45,3
DA:46,3
DA:49,0
DA:53,3
DA:54,6
DA:55,6
DA:56,6
DA:57,0
DA:59,6
DA:60,6
DA:63,0
DA:67,3
DA:68,2
DA:69,2
DA:70,2
DA:71,1
DA:73,1
DA:75,1
DA:76,0
DA:79,1
DA:80,1
DA:82,0
DA:86,3
LF:49
LH:40
BRDA:22,0,0,0
BRDA:22,0,1,4
BRDA:56,1,0,0
BRDA:56,1,1,6
BRDA:70,2,0,1
BRDA:70,2,1,1
BRDA:75,3,0,0
BRDA:75,3,1,1
BRF:8
BRH:5
end_of_record
TN:
SF:routes\menuRoute.js
FN:7,(anonymous_0)
FN:27,(anonymous_1)
FN:42,(anonymous_2)
FNF:3
FNH:3
FNDA:17,(anonymous_0)
FNDA:2,(anonymous_1)
FNDA:4,(anonymous_2)
DA:1,3
DA:2,3
DA:3,3
DA:4,3
DA:5,3
DA:7,3
DA:8,17
DA:9,17
DA:10,17
DA:11,17
DA:12,36
DA:13,36
DA:14,1
DA:16,35
DA:19,16
DA:20,16
DA:23,0
DA:27,3
DA:28,2
DA:30,2
DA:31,1
DA:33,1
DA:35,2
DA:38,0
DA:42,3
DA:43,4
DA:44,4
DA:45,4
DA:46,0
DA:48,4
DA:49,4
DA:50,0
DA:52,4
DA:53,2
DA:55,2
DA:56,1
DA:58,1
DA:62,0
DA:66,3
LF:39
LH:34
BRDA:13,0,0,1
BRDA:13,0,1,35
BRDA:30,1,0,1
BRDA:30,1,1,1
BRDA:45,2,0,0
BRDA:45,2,1,4
BRDA:49,3,0,0
BRDA:49,3,1,4
BRDA:52,4,0,2
BRDA:52,4,1,2
BRDA:55,5,0,1
BRDA:55,5,1,1
BRF:12
BRH:10
end_of_record
TN:
SF:routes\usersRoute.js
FN:12,(anonymous_0)
FN:35,(anonymous_1)
FN:75,(anonymous_2)
FN:93,(anonymous_3)
FN:122,(anonymous_4)
FNF:5
FNH:5
FNDA:154,(anonymous_0)
FNDA:146,(anonymous_1)
FNDA:3,(anonymous_2)
FNDA:1,(anonymous_3)
FNDA:1,(anonymous_4)
DA:1,3
DA:2,3
DA:3,3
DA:4,3
DA:5,3
DA:6,3
DA:7,3
DA:8,3
DA:9,3
DA:10,3
DA:12,3
DA:13,154
DA:14,154
DA:15,154
DA:16,154
DA:17,154
DA:18,1
DA:21,153
DA:22,2
DA:25,151
DA:26,151
DA:27,151
DA:31,0
DA:35,3
DA:36,146
DA:37,146
DA:38,146
DA:40,146
DA:41,146
DA:43,146
DA:44,1
DA:46,145
DA:47,2
DA:50,143
DA:51,143
DA:52,4
DA:55,139
DA:56,48
DA:57,91
DA:58,38
DA:60,53
DA:62,139
DA:68,139
DA:71,0
DA:75,3
DA:76,3
DA:77,3
DA:78,3
DA:80,3
DA:81,1
DA:84,2
DA:85,2
DA:86,2
DA:89,0
DA:93,3
DA:94,1
DA:95,1
DA:96,1
DA:97,1
DA:99,1
DA:100,0
DA:103,1
DA:104,0
DA:107,1
DA:108,0
DA:111,1
DA:112,1
DA:114,1
DA:116,0
DA:117,0
DA:122,3
DA:123,1
DA:126,3
LF:73
LH:65
BRDA:17,0,0,1
BRDA:17,0,1,153
BRDA:21,1,0,2
BRDA:21,1,1,151
BRDA:43,2,0,1
BRDA:43,2,1,145
BRDA:46,3,0,2
BRDA:46,3,1,143
BRDA:51,4,0,4
BRDA:51,4,1,139
BRDA:55,5,0,48
BRDA:55,5,1,91
BRDA:57,6,0,38
BRDA:57,6,1,53
BRDA:80,7,0,1
BRDA:80,7,1,2
BRDA:99,8,0,0
BRDA:99,8,1,1
BRDA:103,9,0,0
BRDA:103,9,1,1
BRDA:103,10,0,1
BRDA:103,10,1,0
BRDA:107,11,0,0
BRDA:107,11,1,1
BRF:24
BRH:20
end_of_record
